Arguments: 
  C:\Program Files\nodejs\node.exe C:\Program Files (x86)\Yarn\bin\yarn.js install

PATH: 
  C:\Python310\Scripts\;C:\Python310\;C:\Program Files\ImageMagick-7.1.0-Q16-HDRI;C:\Python27\;C:\Python27\Scripts;C:\Program Files (x86)\Common Files\Oracle\Java\javapath;C:\Windows\system32;C:\Windows;C:\Windows\System32\Wbem;C:\Windows\System32\WindowsPowerShell\v1.0\;C:\Windows\System32\OpenSSH\;C:\Program Files\NVIDIA Corporation\NVIDIA NvDLISR;C:\Program Files (x86)\NVIDIA Corporation\PhysX\Common;C:\ProgramData\chocolatey\bin;C:\Program Files (x86)\PuTTY\;C:\Program Files\Git\cmd;C:\Program Files (x86)\Yarn\bin\;C:\Program Files\dotnet\;C:\terraform;C:\Program Files\Docker\Docker\resources\bin;C:\ProgramData\DockerDesktop\version-bin;C:\Program Files\Amazon\AWSCLIV2\;C:\Program Files (x86)\Windows Kits\10\Windows Performance Toolkit\;C:\Program Files (x86)\Windows Kits\10\Microsoft Application Virtualization\Sequencer\;C:\Program Files\Geth;C:\Program Files (x86)\FAHClient;C:\Program Files\Microsoft SQL Server\130\Tools\Binn\;C:\Program Files\Microsoft SQL Server\Client SDK\ODBC\170\Tools\Binn\;C:\Program Files\TCAdmin2;C:\Program Files (x86)\dotnet\;C:\WINDOWS\system32;C:\WINDOWS;C:\WINDOWS\System32\Wbem;C:\WINDOWS\System32\WindowsPowerShell\v1.0\;C:\WINDOWS\System32\OpenSSH\;c:\program files (x86)\iracing\d3dgear;;;;;;;;;;C:\Program Files\nodejs\;C:\Program Files\Cryptowatch Desktop\;C:\Users\Connor\.amplify\bin;C:\Users\Connor\AppData\Local\Microsoft\WindowsApps;;C:\Users\Connor\AppData\Local\Programs\Microsoft VS Code\bin;C:\Users\Connor\AppData\Local\Yarn\bin;C:\Users\Connor\AppData\Local\Programs\Fiddler;C:\Users\Connor\.dotnet\tools;C:\Program Files\heroku\bin;C:\Users\Connor\AppData\Local\Microsoft\WindowsApps;C:\Users\Connor\AppData\Roaming\npm

Yarn version: 
  1.22.4

Node version: 
  16.14.0

Platform: 
  win32 x64

Trace: 
  SyntaxError: C:\Users\Connor\Documents\cjarvisltd\JDalwoodHarpist-1\package.json: Unexpected token } in JSON at position 970
      at JSON.parse (<anonymous>)
      at C:\Program Files (x86)\Yarn\lib\cli.js:1625:59
      at Generator.next (<anonymous>)
      at step (C:\Program Files (x86)\Yarn\lib\cli.js:310:30)
      at C:\Program Files (x86)\Yarn\lib\cli.js:321:13

npm manifest: 
  {
      "name": "JessicaDalwoodHarpist",
      "version": "1.0.0",
      "description": "Website for Jessica",
      "author": "Connor",
      "private": true,
      "scripts": {
          "dev": "nuxt",
          "build": "nuxt build",
          "start": "nuxt start",
          "generate": "nuxt generate",
          "lint": "eslint --ext .js,.vue --ignore-path .gitignore ."
      },
      "dependencies": {
          "@nuxtjs/axios": "^5.13.6",
          "@nuxtjs/recaptcha": "^1.1.1",
          "@nuxtjs/style-resources": "^1.2.1",
          "bootstrap": "^4.6.1",
          "bootstrap-vue": "^2.21.2",
          "h3": "^0.7.9",
          "mixitup": "^3.3.1",
          "nuxt": "^2.15.8",
          "swiper": "^5.4.5",
          "vue": "^2.6.14",
          "vue-awesome-swiper": "^4.1.1",
          "vue-fixed-header": "^3.2.15",
          "vue-masonry": "^0.13.0",
          "vue-masonry-css": "^1.0.3",
          "vue-silentbox": "^2.4.5",
          "vue2-google-maps": "^0.10.7",
          "vuejs-paginate": "^2.1.0",
      },
      "devDependencies": {
          "sass": "^1.43.4",
          "sass-loader": "^10.1.1",
          "webpack": "^4.46.0"
      }
  }

yarn manifest: 
  No manifest

Lockfile: 
  No lockfile
